2025-11-02 13:48:02,393 [INFO] Run ID: 9hc88t
2025-11-02 13:48:02,393 [INFO] Log directory: ./runs/9hc88t
2025-11-02 13:48:05,311 [INFO] Starting training for 1000 episodes
2025-11-02 13:48:05,311 [INFO] State features: 11
2025-11-02 13:48:05,312 [INFO] Actions: 16
2025-11-02 13:48:05,314 [INFO] Training on cpu
2025-11-02 13:48:05,314 [INFO] Episodes: 1000
2025-11-02 13:48:05,314 [INFO] ------------------------------------------------------------
2025-11-02 13:48:12,294 [INFO] Saved checkpoint at episode 50
2025-11-02 13:48:19,846 [INFO] Episode 100/1000 | Avg Steps: 32.9 | Avg Reward: 1.90 | Epsilon: 0.522
2025-11-02 13:48:19,849 [INFO] Saved checkpoint at episode 100
2025-11-02 13:48:28,189 [INFO] Saved checkpoint at episode 150
2025-11-02 13:48:37,206 [INFO] Episode 200/1000 | Avg Steps: 38.8 | Avg Reward: 2.50 | Epsilon: 0.246
2025-11-02 13:48:37,209 [INFO] Saved checkpoint at episode 200
2025-11-02 13:48:49,501 [INFO] Saved checkpoint at episode 250
2025-11-02 13:49:02,712 [INFO] Episode 300/1000 | Avg Steps: 55.6 | Avg Reward: 4.20 | Epsilon: 0.088
2025-11-02 13:49:02,714 [INFO] Saved checkpoint at episode 300
2025-11-02 13:49:21,561 [INFO] Saved checkpoint at episode 350
2025-11-02 13:49:45,612 [INFO] Episode 400/1000 | Avg Steps: 89.6 | Avg Reward: 7.62 | Epsilon: 0.023
2025-11-02 13:49:45,615 [INFO] Saved checkpoint at episode 400
2025-11-02 13:51:14,327 [INFO] Run ID: 9hc88t
2025-11-02 13:51:14,327 [INFO] Log directory: ./runs/9hc88t
2025-11-02 13:51:17,269 [INFO] Loading checkpoint: ./runs/9hc88t/checkpoint.pt
2025-11-02 13:51:17,275 [INFO] Loaded checkpoint from episode 0
2025-11-02 13:51:17,276 [INFO] Starting training for 1000 episodes
2025-11-02 13:51:17,276 [INFO] State features: 11
2025-11-02 13:51:17,276 [INFO] Actions: 16
2025-11-02 13:51:17,280 [INFO] Training on cpu
2025-11-02 13:51:17,280 [INFO] Episodes: 1000
2025-11-02 13:51:17,280 [INFO] ------------------------------------------------------------
2025-11-02 13:51:24,423 [INFO] Saved checkpoint at episode 50
2025-11-02 13:51:32,391 [INFO] Episode 100/1000 | Avg Steps: 30.3 | Avg Reward: 1.70 | Epsilon: 0.550
2025-11-02 13:51:32,393 [INFO] Saved checkpoint at episode 100
2025-11-02 13:51:42,516 [INFO] Saved checkpoint at episode 150
2025-11-02 13:51:53,580 [INFO] Episode 200/1000 | Avg Steps: 41.9 | Avg Reward: 2.86 | Epsilon: 0.244
2025-11-02 13:51:53,582 [INFO] Saved checkpoint at episode 200
2025-11-02 13:52:05,252 [INFO] Saved checkpoint at episode 250
2025-11-02 13:52:21,263 [INFO] Episode 300/1000 | Avg Steps: 52.7 | Avg Reward: 3.95 | Epsilon: 0.091
2025-11-02 13:52:21,266 [INFO] Saved checkpoint at episode 300
2025-11-02 13:52:40,185 [INFO] Saved checkpoint at episode 350
2025-11-02 13:53:11,618 [INFO] Episode 400/1000 | Avg Steps: 94.4 | Avg Reward: 8.13 | Epsilon: 0.022
2025-11-02 13:53:11,621 [INFO] Saved checkpoint at episode 400
2025-11-02 13:53:25,115 [INFO] Run ID: 9hc88t
2025-11-02 13:53:25,115 [INFO] Log directory: ./runs/9hc88t
2025-11-02 13:53:28,019 [INFO] Loading checkpoint: ./runs/9hc88t/checkpoint.pt
2025-11-02 13:53:28,024 [INFO] Loaded checkpoint from episode 0
2025-11-02 13:53:28,024 [INFO] Starting training for 1000 episodes
2025-11-02 13:53:28,024 [INFO] State features: 11
2025-11-02 13:53:28,025 [INFO] Actions: 16
2025-11-02 13:53:28,025 [INFO] Training on cpu
2025-11-02 13:53:28,025 [INFO] Episodes: 1000
2025-11-02 13:53:28,025 [INFO] ------------------------------------------------------------
